Starting Dynare (version 4.5.6).
Starting preprocessing of the model file ...
Found 7 equation(s).
Evaluating expressions...done
Computing static model derivatives:
 - order 1
Computing dynamic model derivatives:
 - order 1
 - order 2
Processing outputs ...
done
Preprocessing completed.

STEADY-STATE RESULTS:

c      		 2.17096
d      		 2.33611
lambda 		 0.000403361
ucost  		 0.735294
x      		 2.23153
y      		 0
a      		 -9.79348

EIGENVALUES:
         Modulus             Real        Imaginary

       1.061e-23        1.061e-23                0
       6.165e-16        6.165e-16                0
       2.904e-13       -2.904e-13                0
          0.7221           0.7221                0
            0.95             0.95                0
           8.109           -8.109                0


There are 1 eigenvalue(s) larger than 1 in modulus 
for 1 forward-looking variable(s)

The rank condition is verified.


MODEL SUMMARY

  Number of variables:         7
  Number of stochastic shocks: 1
  Number of state variables:   5
  Number of jumpers:           1
  Number of static variables:  2


MATRIX OF COVARIANCE OF EXOGENOUS SHOCKS
Variables       eps_y
eps_y        0.010000

POLICY AND TRANSITION FUNCTIONS
                                   c               d          lambda           ucost               x               y               a
Constant                    2.170914        2.336770        0.000428        0.735294        2.231531               0       -9.799933
(correction)               -0.000041        0.000659        0.000024               0               0               0       -0.006451
d(-1)                       0.842615        0.673642       -0.006584               0        0.832683               0       -6.597296
ucost(-1)                   1.145956        0.916152       -0.008954               0        1.132449               0       -8.972323
x(-1)                       1.032166        0.825181       -0.008065               0        1.020000               0       -8.081398
y(-1)                       0.092388        0.255842        0.005636               0        0.101996        0.950000       -2.505588
c(-1)                      -0.971498       -0.776679        0.007591               0       -0.960047               0        7.606393
eps_y                       0.097251        0.269308        0.005933               0        0.107364        1.000000       -2.637461
d(-1),d(-1)                 0.068959        0.067469        0.009417               0        0.069661               0       -2.882863
ucost(-1),d(-1)             0.187568        0.183516        0.025614               0        0.189478               0       -7.841387
ucost(-1),ucost(-1)        -0.651704       -0.498193        0.023506               0       -0.641220               0        0.769036
x(-1),d(-1)                -0.863223       -0.659888        0.031135               0       -0.849337               0        1.018637
x(-1),ucost(-1)            -1.173983       -0.897448        0.042344               0       -1.155098               0        1.385347
x(-1),x(-1)                -0.012622        0.008424        0.015037               0       -0.010200               0       -3.416806
y(-1),d(-1)                -0.083000       -0.089834       -0.006650               0       -0.084930               0       -0.808083
y(-1),ucost(-1)            -0.112881       -0.122174       -0.009044               0       -0.115505               0       -1.098993
y(-1),x(-1)                -0.101672       -0.110042       -0.008146               0       -0.104036               0       -0.989866
y(-1),y(-1)                 0.042351        0.045014       -0.001923               0        0.043246               0       -0.761366
c(-1),d(-1)                 0.812485        0.621101       -0.029305               0        0.799415               0       -0.958764
c(-1),ucost(-1)             1.104979        0.844698       -0.039855               0        1.087204               0       -1.303919
c(-1),x(-1)                 0.995258        0.760822       -0.035897               0        0.979248               0       -1.174444
c(-1),y(-1)                 0.095696        0.103574        0.007667               0        0.097921               0        0.931684
c(-1),c(-1)                -0.954129       -0.746391        0.020689               0       -0.940868               0        4.355903
eps_y,eps_y                 0.046926        0.049878       -0.002131               0        0.047918               0       -0.843619
d(-1),eps_y                -0.087369       -0.094562       -0.007000               0       -0.089400               0       -0.850614
ucost(-1),eps_y            -0.118822       -0.128604       -0.009519               0       -0.121584               0       -1.156835
x(-1),eps_y                -0.107023       -0.115834       -0.008574               0       -0.109511               0       -1.041964
y(-1),eps_y                 0.089160        0.094767       -0.004048               0        0.091045               0       -1.602876
c(-1),eps_y                 0.100733        0.109026        0.008070               0        0.103074               0        0.980720


APPROXIMATED THEORETICAL MOMENTS
VARIABLE         MEAN  STD. DEV.   VARIANCE
c              2.1770     0.2894     0.0838
d              2.3419     0.2889     0.0835
lambda         0.0005     0.0009     0.0000
ucost          0.7353     0.0000     0.0000
x              2.2376     0.2893     0.0837
y             -0.0000     0.3203     0.1026
a            -10.2588     2.8297     8.0069



APPROXIMATED MATRIX OF CORRELATIONS
Variables         c       d  lambda       x       y       a
c            1.0000  0.9966 -0.3249  1.0000  0.9221 -0.9966
d            0.9966  1.0000 -0.2460  0.9970  0.9508 -1.0000
lambda      -0.3249 -0.2460  1.0000 -0.3203  0.0665  0.2460
x            1.0000  0.9970 -0.3203  1.0000  0.9239 -0.9970
y            0.9221  0.9508  0.0665  0.9239  1.0000 -0.9508
a           -0.9966 -1.0000  0.2460 -0.9970 -0.9508  1.0000



APPROXIMATED COEFFICIENTS OF AUTOCORRELATION
Order          1       2       3       4       5
c         0.9930  0.9743  0.9480  0.9168  0.8826
d         0.9918  0.9723  0.9455  0.9139  0.8796
lambda    0.7088  0.4992  0.3485  0.2402  0.1626
x         0.9930  0.9744  0.9481  0.9169  0.8827
y         0.9500  0.9025  0.8574  0.8145  0.7738
a         0.9918  0.9723  0.9455  0.9139  0.8796

ans =

   -0.1025   -0.1122   -0.0927
   -0.0197   -0.0702    0.0307
   -0.0137   -0.0918    0.0645


ans =

    0.0039
    0.0006
    0.0005


ans =

    0.0067   -0.0203    0.0336
   -0.0151   -0.0780    0.0478
   -0.0102   -0.1001    0.0796

Total computing time : 0h00m01s
